<?xml version="1.0" encoding="UTF-8"?>
<!-- Generated by org.testng.reporters.JUnitXMLReporter -->
<testsuite ignored="0" hostname="DESKTOP-PHEMFF9" failures="0" tests="3" name="Default test" time="30.835" errors="0" timestamp="2022-11-07T18:52:35 IST">
  <testcase classname="testNg.Demo" name="googleTitleTest" time="0.009"/>
  <testcase classname="testNg.Demo" name="mailLinkTest" time="0.123"/>
  <testcase classname="testNg.Demo" name="logoTest" time="0.062"/>
</testsuite> <!-- Default test -->
