<?xml version="1.0" encoding="UTF-8"?>
<!-- Generated by org.testng.reporters.JUnitXMLReporter -->
<testsuite ignored="0" hostname="DESKTOP-PHEMFF9" failures="0" tests="9" name="Test" time="122.837" errors="0" timestamp="2022-11-07T18:33:18 IST">
  <testcase classname="testNg.Demo" name="googleTitleTest" time="0.008"/>
  <testcase classname="testNg.Demo" name="mailLinkTest" time="0.085"/>
  <testcase classname="testNg.Demo" name="logoTest" time="0.056"/>
  <testcase classname="testNg.Demo3" name="z" time="0.004"/>
  <testcase classname="testNg.Demo3" name="a" time="0.002"/>
  <testcase classname="testNg.Demo3" name="c" time="0.006"/>
  <testcase classname="testNg.Demo2" name="aiframeHandle" time="0.464"/>
  <testcase classname="testNg.Demo2" name="serachTest" time="13.345"/>
  <testcase classname="testNg.Demo2" name="checkMail" time="0.051"/>
</testsuite> <!-- Test -->
