<?xml version="1.0" encoding="UTF-8"?>
<testng-results ignored="0" total="3" passed="3" failed="0" skipped="0">
  <reporter-output>
  </reporter-output>
  <suite started-at="2022-11-07T18:52:04 IST" name="Default suite" finished-at="2022-11-07T18:52:35 IST" duration-ms="30835">
    <groups>
    </groups>
    <test started-at="2022-11-07T18:52:04 IST" name="Default test" finished-at="2022-11-07T18:52:35 IST" duration-ms="30835">
      <class name="testNg.Demo">
        <test-method is-config="true" signature="setUp()[pri:0, instance:testNg.Demo@5403f35f]" started-at="2022-11-07T18:52:04 IST" name="setUp" finished-at="2022-11-07T18:52:16 IST" duration-ms="12541" status="PASS">
          <reporter-output>
          </reporter-output>
        </test-method> <!-- setUp -->
        <test-method signature="googleTitleTest()[pri:1, instance:testNg.Demo@5403f35f]" started-at="2022-11-07T18:52:16 IST" name="googleTitleTest" finished-at="2022-11-07T18:52:16 IST" duration-ms="9" status="PASS">
          <reporter-output>
          </reporter-output>
        </test-method> <!-- googleTitleTest -->
        <test-method is-config="true" signature="tearDown()[pri:0, instance:testNg.Demo@5403f35f]" started-at="2022-11-07T18:52:16 IST" name="tearDown" finished-at="2022-11-07T18:52:17 IST" duration-ms="408" status="PASS">
          <reporter-output>
          </reporter-output>
        </test-method> <!-- tearDown -->
        <test-method is-config="true" signature="setUp()[pri:0, instance:testNg.Demo@5403f35f]" started-at="2022-11-07T18:52:17 IST" name="setUp" finished-at="2022-11-07T18:52:25 IST" duration-ms="8626" status="PASS">
          <reporter-output>
          </reporter-output>
        </test-method> <!-- setUp -->
        <test-method signature="mailLinkTest()[pri:2, instance:testNg.Demo@5403f35f]" started-at="2022-11-07T18:52:25 IST" name="mailLinkTest" finished-at="2022-11-07T18:52:26 IST" duration-ms="123" status="PASS">
          <reporter-output>
          </reporter-output>
        </test-method> <!-- mailLinkTest -->
        <test-method is-config="true" signature="tearDown()[pri:0, instance:testNg.Demo@5403f35f]" started-at="2022-11-07T18:52:26 IST" name="tearDown" finished-at="2022-11-07T18:52:26 IST" duration-ms="470" status="PASS">
          <reporter-output>
          </reporter-output>
        </test-method> <!-- tearDown -->
        <test-method is-config="true" signature="setUp()[pri:0, instance:testNg.Demo@5403f35f]" started-at="2022-11-07T18:52:26 IST" name="setUp" finished-at="2022-11-07T18:52:34 IST" duration-ms="8095" status="PASS">
          <reporter-output>
          </reporter-output>
        </test-method> <!-- setUp -->
        <test-method signature="logoTest()[pri:3, instance:testNg.Demo@5403f35f]" started-at="2022-11-07T18:52:34 IST" name="logoTest" finished-at="2022-11-07T18:52:34 IST" depends-on-methods="testNg.Demo.googleTitleTest" duration-ms="62" status="PASS">
          <reporter-output>
          </reporter-output>
        </test-method> <!-- logoTest -->
        <test-method is-config="true" signature="tearDown()[pri:0, instance:testNg.Demo@5403f35f]" started-at="2022-11-07T18:52:34 IST" name="tearDown" finished-at="2022-11-07T18:52:35 IST" duration-ms="417" status="PASS">
          <reporter-output>
          </reporter-output>
        </test-method> <!-- tearDown -->
      </class> <!-- testNg.Demo -->
    </test> <!-- Default test -->
  </suite> <!-- Default suite -->
</testng-results>
